INFO:sim:172 - Generating IP...
Resolving generics for 'program'...
Applying external generics to 'program'...
Delivering associated files for 'program'...
Delivering EJava files for 'program'...
Generating implementation netlist for 'program'...
INFO:sim - Pre-processing HDL files for 'program'...
Running synthesis for 'program'
Running ngcbuild...
Writing VHO instantiation template for 'program'...
Writing VHDL behavioral simulation model for 'program'...
WARNING:sim - Overwriting existing file
   C:/FPGA/Practica05/coregen/ipcore_dir/tmp/_cg/program/doc/blk_mem_gen_v7_3_vi
   nfo.html with file from view xilinx_documentation
Delivered 1 file into directory
C:/FPGA/Practica05/coregen/ipcore_dir/tmp/_cg/program
Generating ASY schematic symbol...
INFO:sim:949 - Finished generation of ASY schematic symbol.
Generating SYM schematic symbol for 'program'...
Generating metadata file...
Regenerating ISE project file for 'program'...
Generating ISE project...
XCO file found: program.xco
XMDF file found: program_xmdf.tcl
Adding C:/FPGA/Practica05/coregen/ipcore_dir/tmp/_cg/program.asy -view all
-origin_type imported
Adding C:/FPGA/Practica05/coregen/ipcore_dir/tmp/_cg/program.ngc -view all
-origin_type created
Checking file "C:/FPGA/Practica05/coregen/ipcore_dir/tmp/_cg/program.ngc" for
project device match ...
File "C:/FPGA/Practica05/coregen/ipcore_dir/tmp/_cg/program.ngc" device
information matches project device.
Adding C:/FPGA/Practica05/coregen/ipcore_dir/tmp/_cg/program.sym -view all
-origin_type imported
Adding C:/FPGA/Practica05/coregen/ipcore_dir/tmp/_cg/program.vhd -view all
-origin_type created
INFO:HDLCompiler:1061 - Parsing VHDL file
   "C:/FPGA/Practica05/coregen/ipcore_dir/tmp/_cg/program.vhd" into library work
INFO:ProjectMgmt - Parsing design hierarchy completed successfully.
Adding C:/FPGA/Practica05/coregen/ipcore_dir/tmp/_cg/program.vho -view all
-origin_type imported
INFO:TclTasksC:2116 - The automatic calculation of top has been turned-off.
   Please set the new top explicitly by running the "project set top" command.
   To re-calculate the new top automatically, set the "Auto Implementation Top"
   property to true.
Top level has been set to "/program"
Generating README file...
Generating FLIST file...
INFO:sim:948 - Finished FLIST file generation.
Launching README viewer...
Moving files to output directory...
Finished moving files to output directory
Wrote CGP file for project 'program'.
